<?xml version="1.0" encoding="UTF-8"?>
<!-- Generated by org.testng.reporters.JUnitXMLReporter -->
<testsuite hostname="DESKTOP-JE4JQKV" name="Test" tests="1" failures="1" timestamp="13 Sep 2021 14:43:57 GMT" time="23.201" errors="0">
  <testcase name="@BeforeTest setUp" time="0.0" classname="testNGPractice.ParllelTestNG">
    <failure type="org.openqa.selenium.SessionNotCreatedException" message="Could not start a new session. Response code 500. Message: session not created: This version of ChromeDriver only supports Chrome version 91
Current browser version is 93.0.4577.63 with binary path C:\Program Files\Google\Chrome\Application\chrome.exe
Build info: version: &amp;apos;4.0.0-beta-4&amp;apos;, revision: &amp;apos;29f46d02dd&amp;apos;
System info: host: &amp;apos;DESKTOP-JE4JQKV&amp;apos;, ip: &amp;apos;127.0.0.1&amp;apos;, os.name: &amp;apos;Windows 10&amp;apos;, os.arch: &amp;apos;amd64&amp;apos;, os.version: &amp;apos;10.0&amp;apos;, java.version: &amp;apos;1.8.0_261&amp;apos;
Driver info: org.openqa.selenium.chrome.ChromeDriver
Command: [null, newSession {capabilities=[Capabilities {browserName: chrome, goog:chromeOptions: {args: [], extensions: []}}], desiredCapabilities=Capabilities {browserName: chrome, goog:chromeOptions: {args: [], extensions: []}}}]">
      <![CDATA[org.openqa.selenium.SessionNotCreatedException: Could not start a new session. Response code 500. Message: session not created: This version of ChromeDriver only supports Chrome version 91
Current browser version is 93.0.4577.63 with binary path C:\Program Files\Google\Chrome\Application\chrome.exe
Build info: version: '4.0.0-beta-4', revision: '29f46d02dd'
System info: host: 'DESKTOP-JE4JQKV', ip: '127.0.0.1', os.name: 'Windows 10', os.arch: 'amd64', os.version: '10.0', java.version: '1.8.0_261'
Driver info: org.openqa.selenium.chrome.ChromeDriver
Command: [null, newSession {capabilities=[Capabilities {browserName: chrome, goog:chromeOptions: {args: [], extensions: []}}], desiredCapabilities=Capabilities {browserName: chrome, goog:chromeOptions: {args: [], extensions: []}}}]
	at org.openqa.selenium.remote.ProtocolHandshake.createSession(ProtocolHandshake.java:126)
	at org.openqa.selenium.remote.ProtocolHandshake.createSession(ProtocolHandshake.java:84)
	at org.openqa.selenium.remote.ProtocolHandshake.createSession(ProtocolHandshake.java:62)
	at org.openqa.selenium.remote.HttpCommandExecutor.execute(HttpCommandExecutor.java:156)
	at org.openqa.selenium.remote.service.DriverCommandExecutor.invokeExecute(DriverCommandExecutor.java:162)
	at org.openqa.selenium.remote.service.DriverCommandExecutor.execute(DriverCommandExecutor.java:137)
	at org.openqa.selenium.remote.RemoteWebDriver.execute(RemoteWebDriver.java:612)
	at org.openqa.selenium.remote.RemoteWebDriver.startSession(RemoteWebDriver.java:244)
	at org.openqa.selenium.remote.RemoteWebDriver.<init>(RemoteWebDriver.java:165)
	at org.openqa.selenium.chromium.ChromiumDriver.<init>(ChromiumDriver.java:89)
	at org.openqa.selenium.chrome.ChromeDriver.<init>(ChromeDriver.java:99)
	at org.openqa.selenium.chrome.ChromeDriver.<init>(ChromeDriver.java:86)
	at org.openqa.selenium.chrome.ChromeDriver.<init>(ChromeDriver.java:41)
	at testNGPractice.ParllelTestNG.setUp(ParllelTestNG.java:30)
... Removed 23 stack frames]]>
    </failure>
  </testcase> <!-- @BeforeTest setUp -->
  <testcase name="@AfterTest tearDown" time="0.0" classname="testNGPractice.ParllelTestNG">
    <skipped/>
  </testcase> <!-- @AfterTest tearDown -->
  <testcase name="registrationPage" time="0.0" classname="testNGPractice.ParllelTestNG">
    <failure type="org.testng.TestNGException" message="
Method public void testNGPractice.ParllelTestNG.registrationPage(java.lang.String,java.lang.String,java.lang.String,java.lang.CharSequence,java.lang.String) requires a @DataProvider named : Regdata">
      <![CDATA[org.testng.TestNGException: 
Method public void testNGPractice.ParllelTestNG.registrationPage(java.lang.String,java.lang.String,java.lang.String,java.lang.CharSequence,java.lang.String) requires a @DataProvider named : Regdata
... Removed 22 stack frames]]>
    </failure>
  </testcase> <!-- registrationPage -->
</testsuite> <!-- Test -->
